#
# A fatal error has been detected by the Java Runtime Environment:
#
#  EXCEPTION_ACCESS_VIOLATION (0xc0000005) at pc=0x0000000007cfa340, pid=12484, tid=0x0000000000002aec
#
# JRE version: OpenJDK Runtime Environment (8.0_152-b01) (build 1.8.0_152-release-915-b01)
# Java VM: OpenJDK 64-Bit Server VM (25.152-b01 mixed mode windows-amd64 compressed oops)
# Problematic frame:
# J 29578 C1 com.android.dx.dex.code.RopTranslator$TranslationVisitor.visitFillArrayDataInsn(Lcom/android/dx/rop/code/FillArrayDataInsn;)V (126 bytes) @ 0x0000000007cfa340 [0x0000000007cfa2e0+0x60]
#
# Failed to write core dump. Minidumps are not enabled by default on client versions of Windows
#
# If you would like to submit a bug report, please visit:
#   http://bugreport.java.com/bugreport/crash.jsp
#

---------------  T H R E A D  ---------------

Current thread (0x000000001e21e800):  JavaThread "ForkJoinPool.commonPool-worker-7" daemon [_thread_in_Java, id=10988, stack(0x0000000038470000,0x0000000038570000)]

siginfo: ExceptionCode=0xc0000005, reading address 0x00000000000004e8

Registers:
RAX=0x0000000100a6ca40, RBX=0x000000002697d230, RCX=0x0000000000000002, RDX=0x00000000ea5579c8
RSP=0x000000003856e8c0, RBP=0x00000000ea510d18, RSI=0x000000002697d230, RDI=0x00000000000004e8
R8 =0x00000000ea510d18, R9 =0x0000000000000002, R10=0x0000000100a770e8, R11=0x0000000000000250
R12=0x0000000000000000, R13=0x00000000ea555880, R14=0x00000000ea44d7c0, R15=0x000000001e21e800
RIP=0x0000000007cfa340, EFLAGS=0x0000000000010206

Top of Stack: (sp=0x000000003856e8c0)
0x000000003856e8c0:   000000001e21e800 000000003856e920
0x000000003856e8d0:   00000000a2bbee98 0000000002fb6714
0x000000003856e8e0:   0000000000000000 000000003856e940
0x000000003856e8f0:   00000000ea51d350 00000000a2ba8370
0x000000003856e900:   00000000ea51d3a0 000000f6000000f7
0x000000003856e910:   00000000a0000ba0 000000000540ad94
0x000000003856e920:   00000000ea51d3a0 0000000007056f90
0x000000003856e930:   00000000a0000ba0 00000000ea4f41b8
0x000000003856e940:   00000000ea53e848 00000000ea5579c8
0x000000003856e950:   00000000ea51d468 00000000ea5579c8
0x000000003856e960:   00000000ea5579c8 00000000ea51d468
0x000000003856e970:   00000000a2ba8370 00000000ea5579c8
0x000000003856e980:   00000000ea5579c8 00000000ea51d3a0
0x000000003856e990:   0000000100a7e280 ea555880ea54fcf8
0x000000003856e9a0:   00000000a2ba8398 00000000ea44d7c0
0x000000003856e9b0:   00000000ea5579c8 00000000ea505c58 

Instructions: (pc=0x0000000007cfa340)
0x0000000007cfa320:   00 8b be dc 00 00 00 83 c7 08 89 be dc 00 00 00
0x0000000007cfa330:   48 be 30 d2 97 26 00 00 00 00 81 e7 f8 1f 00 00
0x0000000007cfa340:   33 3f ae a3 34 a0 c4 94 b0 88 e8 94 49 8b f0 48
0x0000000007cfa350:   bf 68 b5 bb 1c 00 00 00 00 8b 76 08 48 c1 e6 03 


Register to memory mapping:

RAX=0x0000000100a6ca40 is pointing into metadata
RBX={method} {0x000000002697d238} 'visitFillArrayDataInsn' '(Lcom/android/dx/rop/code/FillArrayDataInsn;)V' in 'com/android/dx/dex/code/RopTranslator$TranslationVisitor'
RCX=0x0000000000000002 is an unknown value
RDX=0x00000000ea5579c8 is an oop
com.android.dx.dex.code.RopTranslator$LocalVariableAwareTranslationVisitor 
 - klass: 'com/android/dx/dex/code/RopTranslator$LocalVariableAwareTranslationVisitor'
RSP=0x000000003856e8c0 is pointing into the stack for thread: 0x000000001e21e800
RBP=0x00000000ea510d18 is an oop
com.android.dx.rop.code.FillArrayDataInsn 
 - klass: 'com/android/dx/rop/code/FillArrayDataInsn'
RSI={method} {0x000000002697d238} 'visitFillArrayDataInsn' '(Lcom/android/dx/rop/code/FillArrayDataInsn;)V' in 'com/android/dx/dex/code/RopTranslator$TranslationVisitor'
RDI=0x00000000000004e8 is an unknown value
R8 =0x00000000ea510d18 is an oop
com.android.dx.rop.code.FillArrayDataInsn 
 - klass: 'com/android/dx/rop/code/FillArrayDataInsn'
R9 =0x0000000000000002 is an unknown value
R10=0x0000000100a770e8 is pointing into metadata
R11=0x0000000000000250 is an unknown value
R12=0x0000000000000000 is an unknown value
R13=0x00000000ea555880 is an oop
[Ljava.lang.Object; 
 - klass: 'java/lang/Object'[]
 - length: 1379
R14=0x00000000ea44d7c0 is an oop
com.android.dx.rop.code.SourcePosition 
 - klass: 'com/android/dx/rop/code/SourcePosition'
R15=0x000000001e21e800 is a thread


Stack: [0x0000000038470000,0x0000000038570000],  sp=0x000000003856e8c0,  free space=1018k
Native frames: (J=compiled Java code, j=interpreted, Vv=VM code, C=native code)
C  0x0000000007cfa340


---------------  P R O C E S S  ---------------

Java Threads: ( => current thread )
  0x000000001e222000 JavaThread "ForkJoinPool.commonPool-worker-6" daemon [_thread_blocked, id=11316, stack(0x0000000038b70000,0x0000000038c70000)]
  0x000000001e223000 JavaThread "ForkJoinPool.commonPool-worker-13" daemon [_thread_blocked, id=12844, stack(0x0000000038a70000,0x0000000038b70000)]
  0x000000001e21a800 JavaThread "ForkJoinPool.commonPool-worker-4" daemon [_thread_blocked, id=11964, stack(0x0000000038970000,0x0000000038a70000)]
  0x000000001e221800 JavaThread "ForkJoinPool.commonPool-worker-11" daemon [_thread_blocked, id=11576, stack(0x0000000038870000,0x0000000038970000)]
  0x000000001e21a000 JavaThread "ForkJoinPool.commonPool-worker-2" daemon [_thread_blocked, id=5212, stack(0x0000000038770000,0x0000000038870000)]
  0x000000001e220000 JavaThread "ForkJoinPool.commonPool-worker-9" daemon [_thread_blocked, id=6028, stack(0x0000000038670000,0x0000000038770000)]
  0x000000001e220800 JavaThread "ForkJoinPool.commonPool-worker-0" daemon [_thread_blocked, id=8952, stack(0x0000000038570000,0x0000000038670000)]
=>0x000000001e21e800 JavaThread "ForkJoinPool.commonPool-worker-7" daemon [_thread_in_Java, id=10988, stack(0x0000000038470000,0x0000000038570000)]
  0x000000001e21f000 JavaThread "Cache worker for Java compile cache (C:\Users\HakanKurt\Documents\GitHub\TurizmSikayet\.gradle\4.1\javaCompile)" [_thread_blocked, id=11088, stack(0x0000000038370000,0x0000000038470000)]
  0x00000000256a6000 JavaThread "Task worker for ':' Thread 7" [_thread_blocked, id=7760, stack(0x0000000035070000,0x0000000035170000)]
  0x00000000256a6800 JavaThread "Task worker for ':' Thread 6" [_thread_blocked, id=12660, stack(0x0000000034f70000,0x0000000035070000)]
  0x00000000256a5000 JavaThread "Task worker for ':' Thread 5" [_thread_blocked, id=3896, stack(0x0000000034e70000,0x0000000034f70000)]
  0x00000000256a9800 JavaThread "Task worker for ':' Thread 4" [_thread_blocked, id=5708, stack(0x0000000034d70000,0x0000000034e70000)]
  0x00000000256a7800 JavaThread "Task worker for ':' Thread 3" [_thread_blocked, id=9748, stack(0x0000000034c70000,0x0000000034d70000)]
  0x000000002569d000 JavaThread "Task worker for ':' Thread 2" [_thread_blocked, id=10248, stack(0x0000000034b70000,0x0000000034c70000)]
  0x000000002569c000 JavaThread "Task worker for ':'" [_thread_blocked, id=6944, stack(0x0000000034a70000,0x0000000034b70000)]
  0x00000000256a1800 JavaThread "Cache worker for task history cache (C:\Users\HakanKurt\Documents\GitHub\TurizmSikayet\.gradle\4.1\taskHistory)" [_thread_blocked, id=2776, stack(0x0000000034970000,0x0000000034a70000)]
  0x000000002569e800 JavaThread "Cache worker for file content cache (C:\Users\HakanKurt\Documents\GitHub\TurizmSikayet\.gradle\4.1\fileContent)" [_thread_blocked, id=5864, stack(0x0000000034870000,0x0000000034970000)]
  0x00000000256a3000 JavaThread "build operations Thread 8" [_thread_blocked, id=8152, stack(0x0000000034770000,0x0000000034870000)]
  0x000000002569f000 JavaThread "build operations Thread 7" [_thread_blocked, id=13088, stack(0x0000000034670000,0x0000000034770000)]
  0x00000000256a0800 JavaThread "build operations Thread 6" [_thread_blocked, id=9496, stack(0x0000000034570000,0x0000000034670000)]
  0x00000000256a2000 JavaThread "build operations Thread 5" [_thread_blocked, id=13284, stack(0x0000000034470000,0x0000000034570000)]
  0x00000000256a0000 JavaThread "build operations Thread 4" [_thread_blocked, id=12680, stack(0x0000000034370000,0x0000000034470000)]
  0x000000002569d800 JavaThread "build operations Thread 3" [_thread_blocked, id=2760, stack(0x0000000034270000,0x0000000034370000)]
  0x0000000021776000 JavaThread "build operations Thread 2" [_thread_blocked, id=4088, stack(0x0000000034170000,0x0000000034270000)]
  0x0000000021771800 JavaThread "build operations" [_thread_blocked, id=4820, stack(0x0000000034070000,0x0000000034170000)]
  0x0000000021775000 JavaThread "Cache worker for Artifact transforms cache (C:\Users\HakanKurt\.gradle\caches\transforms-1)" [_thread_blocked, id=9664, stack(0x0000000033f70000,0x0000000034070000)]
  0x0000000021770000 JavaThread "Cache worker for file hash cache (C:\Users\HakanKurt\Documents\GitHub\TurizmSikayet\.gradle\4.1\fileHashes)" [_thread_blocked, id=7312, stack(0x0000000033e70000,0x0000000033f70000)]
  0x0000000021776800 JavaThread "Stdin handler" [_thread_blocked, id=9616, stack(0x0000000033d70000,0x0000000033e70000)]
  0x0000000021774800 JavaThread "Asynchronous log dispatcher for DefaultDaemonConnection: socket connection from /127.0.0.1:55031 to /127.0.0.1:57962" [_thread_blocked, id=7292, stack(0x0000000033c70000,0x0000000033d70000)]
  0x000000002176c000 JavaThread "Daemon worker Thread 32" [_thread_blocked, id=10508, stack(0x0000000033b70000,0x0000000033c70000)]
  0x0000000021773000 JavaThread "Cancel handler" [_thread_blocked, id=5996, stack(0x0000000033a70000,0x0000000033b70000)]
  0x000000002176f000 JavaThread "Handler for socket connection from /127.0.0.1:55031 to /127.0.0.1:57962" [_thread_in_native, id=6520, stack(0x0000000033970000,0x0000000033a70000)]
  0x000000002176b800 JavaThread "Daemon Thread 32" [_thread_blocked, id=4416, stack(0x0000000033870000,0x0000000033970000)]
  0x000000001ab96000 JavaThread "Memory manager" [_thread_blocked, id=10536, stack(0x0000000023310000,0x0000000023410000)]
  0x000000001a506000 JavaThread "File lock request listener" [_thread_in_native, id=12304, stack(0x000000001d010000,0x000000001d110000)]
  0x000000001b251000 JavaThread "Cache worker for file hash cache (C:\Users\HakanKurt\.gradle\caches\4.1\fileHashes)" [_thread_blocked, id=6108, stack(0x000000001cf10000,0x000000001d010000)]
  0x000000001aba8000 JavaThread "Daemon periodic checks" [_thread_blocked, id=2196, stack(0x000000001c510000,0x000000001c610000)]
  0x000000001b1ad000 JavaThread "Incoming local TCP Connector on port 55031" [_thread_in_native, id=7912, stack(0x000000001c2e0000,0x000000001c3e0000)]
  0x00000000188d2800 JavaThread "Service Thread" daemon [_thread_blocked, id=588, stack(0x00000000193e0000,0x00000000194e0000)]
  0x0000000018836000 JavaThread "C1 CompilerThread3" daemon [_thread_blocked, id=13140, stack(0x00000000192e0000,0x00000000193e0000)]
  0x0000000018835000 JavaThread "C2 CompilerThread2" daemon [_thread_blocked, id=11660, stack(0x00000000191e0000,0x00000000192e0000)]
  0x0000000018830000 JavaThread "C2 CompilerThread1" daemon [_thread_blocked, id=9048, stack(0x00000000190e0000,0x00000000191e0000)]
  0x000000001882d000 JavaThread "C2 CompilerThread0" daemon [_thread_blocked, id=9724, stack(0x0000000018fe0000,0x00000000190e0000)]
  0x000000001882b800 JavaThread "Attach Listener" daemon [_thread_blocked, id=12968, stack(0x0000000018ee0000,0x0000000018fe0000)]
  0x000000001882a000 JavaThread "Signal Dispatcher" daemon [_thread_blocked, id=12972, stack(0x0000000018de0000,0x0000000018ee0000)]
  0x0000000002af8800 JavaThread "Finalizer" daemon [_thread_blocked, id=12956, stack(0x0000000018c00000,0x0000000018d00000)]
  0x000000001690b800 JavaThread "Reference Handler" daemon [_thread_blocked, id=12960, stack(0x0000000018700000,0x0000000018800000)]
  0x0000000002b4e800 JavaThread "main" [_thread_blocked, id=12524, stack(0x00000000028e0000,0x00000000029e0000)]

Other Threads:
  0x0000000016905800 VMThread [stack: 0x0000000018600000,0x0000000018700000] [id=6240]
  0x00000000188d3000 WatcherThread [stack: 0x00000000194e0000,0x00000000195e0000] [id=12604]

VM state:not at safepoint (normal execution)

VM Mutex/Monitor currently owned by a thread: None

Heap:
 PSYoungGen      total 188928K, used 178270K [0x00000000e0000000, 0x00000000ecc80000, 0x0000000100000000)
  eden space 171520K, 98% used [0x00000000e0000000,0x00000000ea567578,0x00000000ea780000)
  from space 17408K, 51% used [0x00000000ea780000,0x00000000eb0303b0,0x00000000eb880000)
  to   space 16896K, 0% used [0x00000000ebc00000,0x00000000ebc00000,0x00000000ecc80000)
 ParOldGen       total 344576K, used 60585K [0x00000000a0000000, 0x00000000b5080000, 0x00000000e0000000)
  object space 344576K, 17% used [0x00000000a0000000,0x00000000a3b2a630,0x00000000b5080000)
 Metaspace       used 87526K, capacity 97858K, committed 99404K, reserved 1134592K
  class space    used 10985K, capacity 13673K, committed 13952K, reserved 1048576K

Card table byte_map: [0x0000000011f10000,0x0000000012220000] byte_map_base: 0x0000000011a10000

Marking Bits: (ParMarkBitMap*) 0x0000000061923950
 Begin Bits: [0x0000000012c20000, 0x0000000014420000)
 End Bits:   [0x0000000014420000, 0x0000000015c20000)

Polling page: 0x00000000010d0000

CodeCache: size=245760Kb used=87358Kb max_used=87412Kb free=158401Kb
 bounds [0x0000000002b50000, 0x0000000008150000, 0x0000000011b50000]
 total_blobs=23667 nmethods=22817 adapters=760
 compilation: enabled

Compilation events (10 events):
Event: 23406.054 Thread 0x0000000018830000 31087       4       com.android.dx.dex.code.form.Form12x::isCompatible (119 bytes)
Event: 23406.056 Thread 0x000000001882d000 31088       4       com.android.dx.dex.code.form.Form12x::writeTo (45 bytes)
Event: 23406.056 Thread 0x0000000018830000 nmethod 31087 0x0000000003181dd0 code [0x0000000003181f40, 0x00000000031821b8]
Event: 23406.059 Thread 0x000000001882d000 nmethod 31088 0x00000000031812d0 code [0x0000000003181440, 0x00000000031817d8]
Event: 23406.093 Thread 0x0000000018835000 31089       4       com.android.dx.dex.cf.CfTranslator::coerceConstant (144 bytes)
Event: 23406.096 Thread 0x0000000018835000 nmethod 31089 0x0000000003180b50 code [0x0000000003180ce0, 0x0000000003180ff8]
Event: 23406.102 Thread 0x0000000018830000 31090       4       com.android.dx.cf.iface.StdFieldList::get (9 bytes)
Event: 23406.102 Thread 0x000000001882d000 31091       4       com.android.dx.cf.iface.StdField::getConstantValue (28 bytes)
Event: 23406.103 Thread 0x0000000018830000 nmethod 31090 0x0000000003f01cd0 code [0x0000000003f01e20, 0x0000000003f01ef8]
Event: 23406.104 Thread 0x0000000018836000 31092       3       com.android.dx.ssa.back.FirstFitLocalCombiningAllocator::allocateRegisters (37 bytes)

GC Heap History (10 events):
Event: 23077.050 GC heap before
{Heap before GC invocations=89 (full 4):
 PSYoungGen      total 179200K, used 174128K [0x00000000e0000000, 0x00000000ec100000, 0x0000000100000000)
  eden space 163840K, 100% used [0x00000000e0000000,0x00000000ea000000,0x00000000ea000000)
  from space 15360K, 66% used [0x00000000eb200000,0x00000000ebc0c070,0x00000000ec100000)
  to   space 16896K, 0% used [0x00000000ea000000,0x00000000ea000000,0x00000000eb080000)
 ParOldGen       total 344576K, used 60117K [0x00000000a0000000, 0x00000000b5080000, 0x00000000e0000000)
  object space 344576K, 17% used [0x00000000a0000000,0x00000000a3ab5490,0x00000000b5080000)
 Metaspace       used 87217K, capacity 97392K, committed 99148K, reserved 1134592K
  class space    used 10942K, capacity 13536K, committed 13952K, reserved 1048576K
Event: 23077.059 GC heap after
Heap after GC invocations=89 (full 4):
 PSYoungGen      total 180736K, used 16487K [0x00000000e0000000, 0x00000000eca80000, 0x0000000100000000)
  eden space 163840K, 0% used [0x00000000e0000000,0x00000000e0000000,0x00000000ea000000)
  from space 16896K, 97% used [0x00000000ea000000,0x00000000eb019ff0,0x00000000eb080000)
  to   space 18944K, 0% used [0x00000000eb800000,0x00000000eb800000,0x00000000eca80000)
 ParOldGen       total 344576K, used 60117K [0x00000000a0000000, 0x00000000b5080000, 0x00000000e0000000)
  object space 344576K, 17% used [0x00000000a0000000,0x00000000a3ab5490,0x00000000b5080000)
 Metaspace       used 87217K, capacity 97392K, committed 99148K, reserved 1134592K
  class space    used 10942K, capacity 13536K, committed 13952K, reserved 1048576K
}
Event: 23237.023 GC heap before
{Heap before GC invocations=90 (full 4):
 PSYoungGen      total 180736K, used 180327K [0x00000000e0000000, 0x00000000eca80000, 0x0000000100000000)
  eden space 163840K, 100% used [0x00000000e0000000,0x00000000ea000000,0x00000000ea000000)
  from space 16896K, 97% used [0x00000000ea000000,0x00000000eb019ff0,0x00000000eb080000)
  to   space 18944K, 0% used [0x00000000eb800000,0x00000000eb800000,0x00000000eca80000)
 ParOldGen       total 344576K, used 60117K [0x00000000a0000000, 0x00000000b5080000, 0x00000000e0000000)
  object space 344576K, 17% used [0x00000000a0000000,0x00000000a3ab5490,0x00000000b5080000)
 Metaspace       used 87339K, capacity 97578K, committed 99148K, reserved 1134592K
  class space    used 10959K, capacity 13587K, committed 13952K, reserved 1048576K
Event: 23237.030 GC heap after
Heap after GC invocations=90 (full 4):
 PSYoungGen      total 185344K, used 8598K [0x00000000e0000000, 0x00000000ec880000, 0x0000000100000000)
  eden space 168448K, 0% used [0x00000000e0000000,0x00000000e0000000,0x00000000ea480000)
  from space 16896K, 50% used [0x00000000eb800000,0x00000000ec0658b8,0x00000000ec880000)
  to   space 18432K, 0% used [0x00000000ea480000,0x00000000ea480000,0x00000000eb680000)
 ParOldGen       total 344576K, used 60125K [0x00000000a0000000, 0x00000000b5080000, 0x00000000e0000000)
  object space 344576K, 17% used [0x00000000a0000000,0x00000000a3ab7490,0x00000000b5080000)
 Metaspace       used 87339K, capacity 97578K, committed 99148K, reserved 1134592K
  class space    used 10959K, capacity 13587K, committed 13952K, reserved 1048576K
}
Event: 23288.132 GC heap before
{Heap before GC invocations=91 (full 4):
 PSYoungGen      total 185344K, used 177046K [0x00000000e0000000, 0x00000000ec880000, 0x0000000100000000)
  eden space 168448K, 100% used [0x00000000e0000000,0x00000000ea480000,0x00000000ea480000)
  from space 16896K, 50% used [0x00000000eb800000,0x00000000ec0658b8,0x00000000ec880000)
  to   space 18432K, 0% used [0x00000000ea480000,0x00000000ea480000,0x00000000eb680000)
 ParOldGen       total 344576K, used 60125K [0x00000000a0000000, 0x00000000b5080000, 0x00000000e0000000)
  object space 344576K, 17% used [0x00000000a0000000,0x00000000a3ab7490,0x00000000b5080000)
 Metaspace       used 87415K, capacity 97704K, committed 99148K, reserved 1134592K
  class space    used 10971K, capacity 13628K, committed 13952K, reserved 1048576K
Event: 23288.138 GC heap after
Heap after GC invocations=91 (full 4):
 PSYoungGen      total 186880K, used 8427K [0x00000000e0000000, 0x00000000ecb80000, 0x0000000100000000)
  eden space 168448K, 0% used [0x00000000e0000000,0x00000000e0000000,0x00000000ea480000)
  from space 18432K, 45% used [0x00000000ea480000,0x00000000eacbaee8,0x00000000eb680000)
  to   space 17920K, 0% used [0x00000000eba00000,0x00000000eba00000,0x00000000ecb80000)
 ParOldGen       total 344576K, used 60133K [0x00000000a0000000, 0x00000000b5080000, 0x00000000e0000000)
  object space 344576K, 17% used [0x00000000a0000000,0x00000000a3ab9490,0x00000000b5080000)
 Metaspace       used 87415K, capacity 97704K, committed 99148K, reserved 1134592K
  class space    used 10971K, capacity 13628K, committed 13952K, reserved 1048576K
}
Event: 23402.182 GC heap before
{Heap before GC invocations=92 (full 4):
 PSYoungGen      total 186880K, used 176875K [0x00000000e0000000, 0x00000000ecb80000, 0x0000000100000000)
  eden space 168448K, 100% used [0x00000000e0000000,0x00000000ea480000,0x00000000ea480000)
  from space 18432K, 45% used [0x00000000ea480000,0x00000000eacbaee8,0x00000000eb680000)
  to   space 17920K, 0% used [0x00000000eba00000,0x00000000eba00000,0x00000000ecb80000)
 ParOldGen       total 344576K, used 60133K [0x00000000a0000000, 0x00000000b5080000, 0x00000000e0000000)
  object space 344576K, 17% used [0x00000000a0000000,0x00000000a3ab9490,0x00000000b5080000)
 Metaspace       used 87487K, capacity 97858K, committed 99404K, reserved 1134592K
  class space    used 10985K, capacity 13673K, committed 13952K, reserved 1048576K
Event: 23402.189 GC heap after
Heap after GC invocations=92 (full 4):
 PSYoungGen      total 187392K, used 6028K [0x00000000e0000000, 0x00000000ec980000, 0x0000000100000000)
  eden space 171520K, 0% used [0x00000000e0000000,0x00000000e0000000,0x00000000ea780000)
  from space 15872K, 37% used [0x00000000eba00000,0x00000000ebfe31d0,0x00000000ec980000)
  to   space 17408K, 0% used [0x00000000ea780000,0x00000000ea780000,0x00000000eb880000)
 ParOldGen       total 344576K, used 60313K [0x00000000a0000000, 0x00000000b5080000, 0x00000000e0000000)
  object space 344576K, 17% used [0x00000000a0000000,0x00000000a3ae67b0,0x00000000b5080000)
 Metaspace       used 87487K, capacity 97858K, committed 99404K, reserved 1134592K
  class space    used 10985K, capacity 13673K, committed 13952K, reserved 1048576K
}
Event: 23405.110 GC heap before
{Heap before GC invocations=93 (full 4):
 PSYoungGen      total 187392K, used 177548K [0x00000000e0000000, 0x00000000ec980000, 0x0000000100000000)
  eden space 171520K, 100% used [0x00000000e0000000,0x00000000ea780000,0x00000000ea780000)
  from space 15872K, 37% used [0x00000000eba00000,0x00000000ebfe31d0,0x00000000ec980000)
  to   space 17408K, 0% used [0x00000000ea780000,0x00000000ea780000,0x00000000eb880000)
 ParOldGen       total 344576K, used 60313K [0x00000000a0000000, 0x00000000b5080000, 0x00000000e0000000)
  object space 344576K, 17% used [0x00000000a0000000,0x00000000a3ae67b0,0x00000000b5080000)
 Metaspace       used 87523K, capacity 97858K, committed 99404K, reserved 1134592K
  class space    used 10985K, capacity 13673K, committed 13952K, reserved 1048576K
Event: 23405.118 GC heap after
Heap after GC invocations=93 (full 4):
 PSYoungGen      total 188928K, used 8896K [0x00000000e0000000, 0x00000000ecc80000, 0x0000000100000000)
  eden space 171520K, 0% used [0x00000000e0000000,0x00000000e0000000,0x00000000ea780000)
  from space 17408K, 51% used [0x00000000ea780000,0x00000000eb0303b0,0x00000000eb880000)
  to   space 16896K, 0% used [0x00000000ebc00000,0x00000000ebc00000,0x00000000ecc80000)
 ParOldGen       total 344576K, used 60585K [0x00000000a0000000, 0x00000000b5080000, 0x00000000e0000000)
  object space 344576K, 17% used [0x00000000a0000000,0x00000000a3b2a630,0x00000000b5080000)
 Metaspace       used 87523K, capacity 97858K, committed 99404K, reserved 1134592K
  class space    used 10985K, capacity 13673K, committed 13952K, reserved 1048576K
}

Deoptimization events (10 events):
Event: 21500.608 Thread 0x00000000189ba800 Uncommon trap: reason=unstable_if action=reinterpret pc=0x0000000006aeafcc method=org.objectweb.asm.Frame.a(Lorg/objectweb/asm/ClassWriter;I[II)Z @ 36
Event: 21501.372 Thread 0x00000000189b9000 Uncommon trap: reason=unstable_if action=reinterpret pc=0x000000000670f09c method=java.lang.ref.SoftReference.get()Ljava/lang/Object; @ 6
Event: 21804.265 Thread 0x00000000256aa800 Uncommon trap: reason=unstable_if action=reinterpret pc=0x0000000007807d4c method=com.sun.tools.javac.jvm.Code.addLineNumber(CC)V @ 30
Event: 22161.562 Thread 0x00000000256a0800 Uncommon trap: reason=unstable_if action=reinterpret pc=0x0000000007bf8554 method=com.sun.tools.javac.jvm.Code.emit2(I)V @ 19
Event: 23236.497 Thread 0x00000000256a3000 Uncommon trap: reason=unstable_if action=reinterpret pc=0x000000000437e748 method=java.util.concurrent.locks.LockSupport.unpark(Ljava/lang/Thread;)V @ 1
Event: 23236.667 Thread 0x000000002569d000 Uncommon trap: reason=class_check action=maybe_recompile pc=0x000000000804341c method=sun.reflect.DelegatingConstructorAccessorImpl.newInstance([Ljava/lang/Object;)Ljava/lang/Object; @ 5
Event: 23236.667 Thread 0x000000002569d000 Uncommon trap: reason=class_check action=maybe_recompile pc=0x000000000804341c method=sun.reflect.DelegatingConstructorAccessorImpl.newInstance([Ljava/lang/Object;)Ljava/lang/Object; @ 5
Event: 23236.667 Thread 0x000000002569d000 Uncommon trap: reason=class_check action=maybe_recompile pc=0x000000000804341c method=sun.reflect.DelegatingConstructorAccessorImpl.newInstance([Ljava/lang/Object;)Ljava/lang/Object; @ 5
Event: 23236.667 Thread 0x000000002569d000 Uncommon trap: reason=class_check action=maybe_recompile pc=0x000000000804341c method=sun.reflect.DelegatingConstructorAccessorImpl.newInstance([Ljava/lang/Object;)Ljava/lang/Object; @ 5
Event: 23288.356 Thread 0x000000001e21a000 Uncommon trap: reason=range_check action=make_not_entrant pc=0x00000000080621c0 method=com.sun.tools.javac.util.Convert.utf2chars([BI[CII)I @ 25

Classes redefined (0 events):
No events

Internal exceptions (10 events):
Event: 23405.934 Thread 0x000000001e222000 Exception <a 'sun/nio/fs/WindowsException'> (0x00000000e68a9608) thrown at [D:\src\AOSP-openjdk-cygwin\jdk8u\hotspot\src\share\vm\prims\jni.cpp, line 709]
Event: 23405.943 Thread 0x000000001e222000 Exception <a 'sun/nio/fs/WindowsException'> (0x00000000e716cb60) thrown at [D:\src\AOSP-openjdk-cygwin\jdk8u\hotspot\src\share\vm\prims\jni.cpp, line 709]
Event: 23405.945 Thread 0x000000001e21a800 Exception <a 'sun/nio/fs/WindowsException'> (0x00000000e724a118) thrown at [D:\src\AOSP-openjdk-cygwin\jdk8u\hotspot\src\share\vm\prims\jni.cpp, line 709]
Event: 23405.946 Thread 0x000000001e220800 Exception <a 'sun/nio/fs/WindowsException'> (0x00000000e72cc450) thrown at [D:\src\AOSP-openjdk-cygwin\jdk8u\hotspot\src\share\vm\prims\jni.cpp, line 709]
Event: 23405.954 Thread 0x000000001e222000 Exception <a 'sun/nio/fs/WindowsException'> (0x00000000e739a528) thrown at [D:\src\AOSP-openjdk-cygwin\jdk8u\hotspot\src\share\vm\prims\jni.cpp, line 709]
Event: 23406.036 Thread 0x000000001e21e800 Exception <a 'sun/nio/fs/WindowsException'> (0x00000000e9ef6a68) thrown at [D:\src\AOSP-openjdk-cygwin\jdk8u\hotspot\src\share\vm\prims\jni.cpp, line 709]
Event: 23406.056 Thread 0x000000001e220000 Exception <a 'sun/nio/fs/WindowsException'> (0x00000000ea36df48) thrown at [D:\src\AOSP-openjdk-cygwin\jdk8u\hotspot\src\share\vm\prims\jni.cpp, line 709]
Event: 23406.094 Thread 0x000000001e21e800 Exception <a 'sun/nio/fs/WindowsException'> (0x00000000ea3a9920) thrown at [D:\src\AOSP-openjdk-cygwin\jdk8u\hotspot\src\share\vm\prims\jni.cpp, line 709]
Event: 23406.096 Thread 0x000000001e220000 Exception <a 'sun/nio/fs/WindowsException'> (0x00000000ea384c48) thrown at [D:\src\AOSP-openjdk-cygwin\jdk8u\hotspot\src\share\vm\prims\jni.cpp, line 709]
Event: 23406.104 Thread 0x000000001e21e800 Implicit null exception at 0x0000000007cfa340 to 0x0000000000000000

Events (10 events):
Event: 23405.586 Thread 0x0000000018836000 flushing nmethod 0x0000000003a1b410
Event: 23405.816 Thread 0x0000000018830000 flushing nmethod 0x0000000003f01b10
Event: 23405.816 Thread 0x0000000018830000 flushing nmethod 0x0000000003f64c90
Event: 23405.902 Thread 0x0000000018836000 flushing nmethod 0x000000000437ccd0
Event: 23405.906 Thread 0x0000000018836000 flushing nmethod 0x0000000004929b10
Event: 23405.907 Thread 0x0000000018836000 flushing nmethod 0x0000000004a908d0
Event: 23405.966 Thread 0x000000001882d000 flushing nmethod 0x00000000064d5210
Event: 23405.967 Thread 0x000000001882d000 flushing nmethod 0x000000000678c8d0
Event: 23405.968 Thread 0x000000001882d000 flushing nmethod 0x000000000681db50
Event: 23406.039 Thread 0x0000000018836000 flushing nmethod 0x0000000008041d90


Dynamic libraries:
0x00007ff753100000 - 0x00007ff753131000 	C:\Program Files\Android\Android Studio\jre\bin\java.exe
0x00007fff7e0a0000 - 0x00007fff7e27b000 	C:\WINDOWS\SYSTEM32\ntdll.dll
0x00007fff7b8b0000 - 0x00007fff7b95e000 	C:\WINDOWS\System32\KERNEL32.DLL
0x00007fff7b010000 - 0x00007fff7b259000 	C:\WINDOWS\System32\KERNELBASE.dll
0x00007fff7bf10000 - 0x00007fff7bfb1000 	C:\WINDOWS\System32\ADVAPI32.dll
0x00007fff7ba70000 - 0x00007fff7bb0d000 	C:\WINDOWS\System32\msvcrt.dll
0x00007fff7bfc0000 - 0x00007fff7c019000 	C:\WINDOWS\System32\sechost.dll
0x00007fff7cab0000 - 0x00007fff7cbd5000 	C:\WINDOWS\System32\RPCRT4.dll
0x00007fff7c030000 - 0x00007fff7c17a000 	C:\WINDOWS\System32\USER32.dll
0x00007fff7b260000 - 0x00007fff7b27e000 	C:\WINDOWS\System32\win32u.dll
0x00007fff7ba40000 - 0x00007fff7ba67000 	C:\WINDOWS\System32\GDI32.dll
0x00007fff7a5c0000 - 0x00007fff7a747000 	C:\WINDOWS\System32\gdi32full.dll
0x00007fff7b560000 - 0x00007fff7b5fa000 	C:\WINDOWS\System32\msvcp_win.dll
0x00007fff7af10000 - 0x00007fff7b006000 	C:\WINDOWS\System32\ucrtbase.dll
0x00007fff6dc00000 - 0x00007fff6de67000 	C:\WINDOWS\WinSxS\amd64_microsoft.windows.common-controls_6595b64144ccf1df_6.0.15063.483_none_26002d27e7c744a2\COMCTL32.dll
0x00007fff7c7b0000 - 0x00007fff7caa9000 	C:\WINDOWS\System32\combase.dll
0x00007fff7aea0000 - 0x00007fff7af0a000 	C:\WINDOWS\System32\bcryptPrimitives.dll
0x00007fff7c2d0000 - 0x00007fff7c2fd000 	C:\WINDOWS\System32\IMM32.DLL
0x0000000061080000 - 0x0000000061152000 	C:\Program Files\Android\Android Studio\jre\jre\bin\msvcr100.dll
0x0000000061160000 - 0x000000006199e000 	C:\Program Files\Android\Android Studio\jre\jre\bin\server\jvm.dll
0x00007fff7cbe0000 - 0x00007fff7cbe8000 	C:\WINDOWS\System32\PSAPI.DLL
0x00007fff693d0000 - 0x00007fff693d9000 	C:\WINDOWS\SYSTEM32\WSOCK32.dll
0x00007fff76e00000 - 0x00007fff76e23000 	C:\WINDOWS\SYSTEM32\WINMM.dll
0x00007fff787d0000 - 0x00007fff787da000 	C:\WINDOWS\SYSTEM32\VERSION.dll
0x00007fff7e030000 - 0x00007fff7e09c000 	C:\WINDOWS\System32\WS2_32.dll
0x00007fff76c90000 - 0x00007fff76cbb000 	C:\WINDOWS\SYSTEM32\WINMMBASE.dll
0x00007fff7ae50000 - 0x00007fff7ae99000 	C:\WINDOWS\System32\cfgmgr32.dll
0x00007fff76140000 - 0x00007fff7614f000 	C:\Program Files\Android\Android Studio\jre\jre\bin\verify.dll
0x00007fff74890000 - 0x00007fff748b9000 	C:\Program Files\Android\Android Studio\jre\jre\bin\java.dll
0x00007fff749d0000 - 0x00007fff749e6000 	C:\Program Files\Android\Android Studio\jre\jre\bin\zip.dll
0x00007fff7cbf0000 - 0x00007fff7e027000 	C:\WINDOWS\System32\SHELL32.dll
0x00007fff7b800000 - 0x00007fff7b8aa000 	C:\WINDOWS\System32\shcore.dll
0x00007fff7a750000 - 0x00007fff7ae41000 	C:\WINDOWS\System32\windows.storage.dll
0x00007fff7c750000 - 0x00007fff7c7a1000 	C:\WINDOWS\System32\shlwapi.dll
0x00007fff7a580000 - 0x00007fff7a591000 	C:\WINDOWS\System32\kernel.appcore.dll
0x00007fff7a530000 - 0x00007fff7a57c000 	C:\WINDOWS\System32\powrprof.dll
0x00007fff7a510000 - 0x00007fff7a525000 	C:\WINDOWS\System32\profapi.dll
0x00007fff6fc90000 - 0x00007fff6fcaa000 	C:\Program Files\Android\Android Studio\jre\jre\bin\net.dll
0x00007fff79b10000 - 0x00007fff79b6c000 	C:\WINDOWS\system32\mswsock.dll
0x00007fff6f7f0000 - 0x00007fff6f801000 	C:\Program Files\Android\Android Studio\jre\jre\bin\nio.dll
0x00007fff58250000 - 0x00007fff5826e000 	C:\Users\HakanKurt\.gradle\native\25\windows-amd64\native-platform.dll
0x00007fff765d0000 - 0x00007fff765dd000 	C:\Program Files\Android\Android Studio\jre\jre\bin\management.dll
0x00007fff79dd0000 - 0x00007fff79de7000 	C:\WINDOWS\SYSTEM32\CRYPTSP.dll
0x00007fff79710000 - 0x00007fff79744000 	C:\WINDOWS\system32\rsaenh.dll
0x00007fff7a0d0000 - 0x00007fff7a0f5000 	C:\WINDOWS\SYSTEM32\bcrypt.dll
0x00007fff7a440000 - 0x00007fff7a469000 	C:\WINDOWS\SYSTEM32\USERENV.dll
0x00007fff79cb0000 - 0x00007fff79cbb000 	C:\WINDOWS\SYSTEM32\CRYPTBASE.dll
0x00007fff79890000 - 0x00007fff798c7000 	C:\WINDOWS\SYSTEM32\IPHLPAPI.DLL
0x00007fff7c020000 - 0x00007fff7c028000 	C:\WINDOWS\System32\NSI.dll
0x00007fff74790000 - 0x00007fff747a6000 	C:\WINDOWS\SYSTEM32\dhcpcsvc6.DLL
0x00007fff74770000 - 0x00007fff7478a000 	C:\WINDOWS\SYSTEM32\dhcpcsvc.DLL
0x00007fff793f0000 - 0x00007fff79421000 	C:\WINDOWS\SYSTEM32\ntmarta.dll
0x00007fff79df0000 - 0x00007fff79f99000 	C:\WINDOWS\SYSTEM32\dbghelp.dll

VM Arguments:
jvm_args: -Xmx1536m -Dfile.encoding=windows-1254 -Duser.country=TR -Duser.language=tr -Duser.variant 
java_command: org.gradle.launcher.daemon.bootstrap.GradleDaemon 4.1
java_class_path (initial): C:\Users\HakanKurt\.gradle\wrapper\dists\gradle-4.1-all\bzyivzo6n839fup2jbap0tjew\gradle-4.1\lib\gradle-launcher-4.1.jar
Launcher Type: SUN_STANDARD

Environment Variables:
JAVA_HOME=C:\Program Files\Java\jdk1.8.0_121
PATH=C:\ProgramData\Oracle\Java\javapath;C:\Windows\system32;C:\Windows;C:\Windows\System32\Wbem;C:\Windows\System32\WindowsPowerShell\v1.0\;C:\Program Files (x86)\NVIDIA Corporation\PhysX\Common;C:\Program Files\Intel\WiFi\bin\;C:\Program Files\Common Files\Intel\WirelessCommon\;C:\Program Files\Java\jdk1.8.0_121\bin;C:\Program Files\Apache\maven\bin;C:\WINDOWS\system32;C:\WINDOWS;C:\WINDOWS\System32\Wbem;C:\WINDOWS\System32\WindowsPowerShell\v1.0\;C:\Program Files\Microsoft\Web Platform Installer\;C:\Program Files\Git\cmd;C:\Program Files\Git\mingw64\bin;C:\Program Files\Git\usr\bin;C:\Program Files\Intel\WiFi\bin\;C:\Program Files\Common Files\Intel\WirelessCommon\;C:\Users\HakanKurt\AppData\Local\Microsoft\WindowsApps;C:\Users\HakanKurt\AppData\Local\GitHubDesktop\bin
USERNAME=HakanKurt
OS=Windows_NT
PROCESSOR_IDENTIFIER=Intel64 Family 6 Model 60 Stepping 3, GenuineIntel



---------------  S Y S T E M  ---------------

OS: Windows 10.0 , 64 bit Build 15063 (10.0.15063.296)

CPU:total 8 (initial active 8) (4 cores per cpu, 2 threads per core) family 6 model 60 stepping 3, cmov, cx8, fxsr, mmx, sse, sse2, sse3, ssse3, sse4.1, sse4.2, popcnt, avx, avx2, aes, clmul, erms, lzcnt, ht, tsc, tscinvbit, bmi1, bmi2

Memory: 4k page, physical 12463280k(3860704k free), swap 25046192k(13054052k free)

vm_info: OpenJDK 64-Bit Server VM (25.152-b01) for windows-amd64 JRE (1.8.0_152-release-915-b01), built by "builder" with MS VC++ 10.0 (VS2010)

time: Sun Nov 26 17:09:00 2017
elapsed time: 23406 seconds (0d 6h 30m 6s)

